6
256
29
66
294
1156
271
1
146
1553
2011
1993
998
347
1676
538
55
2648
2613
273
1299
20
1390
137
21
6135
4066
140
3133
615
4689
584
3929
83
1339
4514
2146
208
1415
5471
571
103
4774
45
1101
145
1178
4067
2732
5181
7882
4525
63
3474
5537
334
7130
6318
6726
8438
153
508
82
7351
10367
5502
8870
1407
1218
9196
5357
8342
9402
1638
2230
5769
847
6547
2778
548
8202
1239
1071
4407
1293
19317
8004
235
1355
1830
8111
170
314
1629
17393
7705
3760
93
198
10744
2381
15954
2049
8006
12344
293
14029
9229
12913
67
7726
4397
9288
10525
21409
19065
19632
13565
110
18771
9591
22896
4058
5448
5213
7474
16907
14571
17120
7721
19864
3167
17000
2061
11009
11205
7614
27237
15105
21586
19236
21632
11806
3556
411
13485
2833
5403
28317
14596
210
13666
112
202
15807
16340
13944
74
18660
12229
1893
6121
4129
1948
22995
5048
433
125
2347
35564
11674
631
3708
4475
21075
21654
15630
1150
3912
22655
6276
288
22045
18126
9476
708
33948
1825
6765
7483
12453
2123
75
18484
38
36546
1336
23477
307
15934
17031
7869
16554
31518
286
4083
16475
16112
35433
2538
10137
38428
18906
10720
28509
1966
41840
2228
33791
7
30207
4040
41497
33302
19305
3002
25156
28344
9793
127
15684
45006
49855
39126
14480
15191
41893
1385
11289
2428
36874
3528
15549
4771
10083
22469
375
23896
5458
39309
27813
536
40395
4102
29494
10396
10164
1781
7163
8573
41896
605
14029
912
25470
44417
5356
224
38076
40446
33109
3481
21564
19605
28796
44596
12961
9662
21041
2503
7214
30493
47286
12292
285
11828
19231
36021
28707
1298
6812
16950
56731
47481
52507
41015
46979
285
4329
19380
35253
3213
26265
32810
65537
56336
40006
2788
11482
2447
861
4478
3156
12310
4419
2082
3748
106
839
46108
4852
3367
32197
419
30278
29993
1040
36735
20296
38719
20694
28542
19246
12074
34726
844
31548
25283
1703
1520
292
24205
14720
6570
65518
48271
44454
12456
57599
14356
2031
25919
9401
42288
31150
29050
17278
11419
20496
76639
31816
55029
7928
3615
25524
70929
257
21272
10683
13948
28199
26513
13872
4586
63409
368
11191
50407
9046
28548
58306
2357
17347
28017
26615
32254
823
16877
32156
49018
4473
113
55027
22393
41660
811
42161
476
75709
319
9276
74561
9027
45859
15087
5647
44718
3039
88111
35055
7646
292
14492
41244
3556
69357
48439
8689
54337
45225
21732
7337
1870
7307
26351
94885
2474
5677
1421
31693
21295
35779
12049
5309
18180
5048
24825
56503
49706
2402
16655
65415
37898
23854
75854
117
33493
49337
12926
3238
6671
24325
11668
16422
51735
59797
45359
2643
8344
10092
662
65916
1689
7715
34373
21314
426
66389
72747
51603
39560
10842
11248
13993
25755
10227
67933
10540
223
1089
44377
15240
93295
46310
6268
66881
20279
1222
67
37
66913
17463
22675
53764
54798
59449
561
19395
88357
12482
4549
104873
88978
30109
621
63769
46898
32189
68299
1697
47373
856
883
1460
35502
2281
39062
4752
3454
21195
13327
33150
18315
13641
100518
81401
59501
6641
17302
2425
106376
59351
31818
65481
64881
26305
2310
3123
51981
23742
109662
12030
456
59698
72333
30533
10631
2127
2538
16550
36858
75442
93303
9510
1086
92001
35562
5411
32988
3561
1001
29253
2689
33288
9892
7153
12424
60314
242
27007
2073
31553
41084
87886
7619
31201
99343
1246
38835
27000
1386
4989
2170
17733
21057
14156
6858
33463
15900
38785
1140
18736
46908
18430
579
12110
24313
9630
15793
25293
43835
99134
63714
993
5904
6823
5029
7006
27015
37218
75948
16502
238
13775
63452
99653
70561
64060
7649
720
593
109650
37092
31009
95096
15248
7845
3368
53784
7867
18401
1420
15514
79365
16081
537
10091
2506
7476
100224
2879
1233
57873
26731
5194
85556
13996
55657
11590
23639
2782
97179
17593
42801
2428
84310
28414
51420
67947
251
69950
59189
2257
437
4206
52981
