3712
4512
4912
5312
5712
6512
6912
7312
8512
8912
9312
9712
512
912
1312
1712
2512
2912
1632
1232
4832
1232
5632
1232
6432
6832
1232
7632
1232
8432
1232
9632
1232
432
832
1232
1632
1232
2432
2832
1952
1152
3152
3952
1152
4352
4752
1152
6352
6752
1152
7152
7952
1152
8352
8752
1152
9152
1152
352
752
1152
1152
1952
2352
2752
1152
1472
1872
1072
3472
3872
1072
4672
1072
5472
5872
1072
1072
8672
1072
9472
9872
1072
672
1472
1872
1072
2672
1072
1392
1792
3792
4192
4592
5392
5792
6192
6592
7392
8192
8592
192
592
1392
1792
2192
2592
4112
6112
8112
112
2112
4112
6112
8112
112
2112
6112
8112
112
2112
4112
6112
8112
112
2112
4112
8112
112
2112
4112
6112
8112
112
2112
4112
6112
112
2112
4112
6112
8112
112
2112
4112
6112
8112
2112
4112
6112
8112
112
1824
1024
3824
1024
5824
1024
1024
7824
1024
8624
1024
9824
1024
624
1824
1024
2624
1024
1264
1264
2864
1264
3264
1264
5264
1264
7264
1264
1264
9264
1264
864
1264
1264
1264
2864
1584
1984
1184
2384
2784
1184
3184
3584
3984
1184
5184
5984
1184
6384
6784
1184
7184
7584
7984
1184
9184
9584
1184
384
784
1184
1184
1584
1984
2384
2784
1184
3104
5104
7104
9104
1104
1104
3104
5104
7104
9104
1104
1104
5104
7104
9104
1104
1104
3104
7104
9104
1104
1104
3104
5104
7104
9104
1104
1104
3104
5104
9104
1104
1104
3104
5104
7104
9104
1104
1104
3104
5104
7104
1104
1104
3104
5104
7104
9104
1104
3104
5104
7104
9104
1104
2416
2816
1216
3216
1216
4816
1216
5216
1216
7216
1216
8416
1216
9216
1216
416
816
1216
1216
1216
2416
2816
1536
1936
1136
2736
1136
4736
1136
5136
5936
1136
7136
7536
7936
1136
8736
1136
9136
9536
1136
736
1136
1136
1536
1936
2736
1136
1456
1856
1056
1056
3456
3856
1056
4256
1056
7456
7856
1056
8256
1056
9456
9856
1056
256
1456
1856
1056
2256
1056
1376
2176
2576
2976
4176
4576
4976
5376
8176
8576
8976
9376
176
576
976
1376
2176
2576
2976
1296
1296
2496
2896
1296
3296
1296
4896
1296
5296
1296
7296
1296
8496
1296
496
896
1296
1296
1296
2496
2896
1328
1728
3728
4128
4528
4928
5328
5728
6128
6528
6928
7328
9328
9728
128
528
928
1328
1728
2128
2528
2928
1248
1648
1248
1248
3248
3648
1248
5248
5648
1248
1248
7248
7648
1248
9248
9648
1248
1248
1248
1648
1248
1568
1968
1168
2368
2768
1168
3168
3568
3968
1168
4368
4768
1168
5168
5968
1168
7168
7568
7968
1168
9168
9568
1168
368
768
1168
1168
1568
1968
2368
2768
1168
2128
4128
6128
128
4128
6128
128
2128
4128
6128
128
2128
6128
128
2128
4128
6128
128
2128
4128
128
2128
4128
6128
128
2128
4128
6128
128
2128
4128
6128
2128
4128
6128
128
4112
6112
8112
112
2112
4112
6112
8112
112
2112
6112
8112
112
2112
4112
6112
8112
112
2112
4112
8112
112
2112
4112
6112
8112
112
2112
4112
6112
112
2112
4112
6112
8112
112
2112
4112
6112
8112
2112
4112
6112
8112
112
5312
7312
9312
1312
1312
5312
7312
9312
1312
1312
5312
7312
9312
1312
1312
7312
9312
1312
1312
5312
7312
9312
1312
1312
5312
9312
1312
1312
5312
7312
9312
1312
1312
5312
7312
1312
1312
5312
7312
9312
1312
1312
5312
7312
9312
2512
4512
6512
8512
512
4512
6512
8512
512
2512
4512
6512
8512
512
2512
6512
8512
512
2512
4512
8512
512
2512
4512
6512
8512
512
2512
4512
6512
512
2512
4512
6512
8512
512
2512
4512
6512
8512
2512
4512
6512
8512
512
3712
5712
9712
1712
1712
3712
5712
9712
1712
1712
5712
9712
1712
1712
3712
5712
9712
1712
1712
3712
9712
1712
1712
3712
5712
9712
1712
1712
3712
5712
9712
1712
1712
3712
5712
1712
1712
3712
5712
9712
1712
1712
3712
5712
9712
2912
4912
6912
8912
912
4912
6912
8912
912
2912
4912
6912
8912
912
2912
6912
8912
912
2912
4912
6912
8912
912
2912
4912
8912
912
2912
4912
6912
8912
912
2912
4912
6912
912
2912
4912
6912
8912
2912
4912
6912
8912
912
29151360